Build started 16.11.2018 23:05:15.
     1>Project "C:\Users\Леха\Documents\Visual Studio 2013\Projects\mazeGenSFML\MazeGen\mazeGenSFML\mazeGenSFML.vcxproj" on node 2 (Build target(s)).
     1>ClCompile:
         C:\Program Files (x86)\Microsoft Visual Studio 12.0\VC\bin\CL.exe /c /I"C:\Users\Леха\Documents\Программирование\TGUI-0.7.6-vc12-32bit-for-SFML-2.4.2\TGUI-0.7\include" /I"C:\Users\Леха\Documents\Программирование\SFML-2.4.2-windows-vc12-32-bit\SFML-2.4.2\include" /ZI /nologo /W3 /WX- /sdl /Od /Oy- /D SFML_DYNAMIC /D WIN32 /D _DEBUG /D _CONSOLE /D _LIB /D _UNICODE /D UNICODE /Gm /EHsc /RTC1 /MDd /GS /fp:precise /Zc:wchar_t /Zc:forScope /Fo"Debug\\" /Fd"Debug\vc120.pdb" /Gd /TP /analyze- /errorReport:prompt Bot.cpp
         Bot.cpp
     1>c:\users\леха\documents\visual studio 2013\projects\mazegensfml\mazegen\mazegensfml\bot.cpp(48): warning C4305: '=' : truncation from 'double' to 'float'
     1>c:\users\леха\documents\visual studio 2013\projects\mazegensfml\mazegen\mazegensfml\bot.cpp(61): warning C4244: '=' : conversion from 'int' to 'float', possible loss of data
     1>c:\users\леха\documents\visual studio 2013\projects\mazegensfml\mazegen\mazegensfml\bot.cpp(62): warning C4244: '=' : conversion from 'int' to 'float', possible loss of data
     1>c:\users\леха\documents\visual studio 2013\projects\mazegensfml\mazegen\mazegensfml\bot.cpp(73): warning C4244: 'argument' : conversion from 'int' to 'float', possible loss of data
     1>c:\users\леха\documents\visual studio 2013\projects\mazegensfml\mazegen\mazegensfml\bot.cpp(128): warning C4244: '=' : conversion from 'float' to 'int', possible loss of data
     1>c:\users\леха\documents\visual studio 2013\projects\mazegensfml\mazegen\mazegensfml\bot.cpp(129): warning C4244: '=' : conversion from 'float' to 'int', possible loss of data
     1>c:\users\леха\documents\visual studio 2013\projects\mazegensfml\mazegen\mazegensfml\bot.cpp(141): warning C4244: '=' : conversion from 'int' to 'float', possible loss of data
     1>c:\users\леха\documents\visual studio 2013\projects\mazegensfml\mazegen\mazegensfml\bot.cpp(147): warning C4244: '=' : conversion from 'int' to 'float', possible loss of data
     1>c:\users\леха\documents\visual studio 2013\projects\mazegensfml\mazegen\mazegensfml\bot.cpp(148): warning C4244: '=' : conversion from 'float' to 'int', possible loss of data
     1>c:\users\леха\documents\visual studio 2013\projects\mazegensfml\mazegen\mazegensfml\bot.cpp(154): warning C4244: '=' : conversion from 'int' to 'float', possible loss of data
     1>c:\users\леха\documents\visual studio 2013\projects\mazegensfml\mazegen\mazegensfml\bot.cpp(160): warning C4244: '=' : conversion from 'int' to 'float', possible loss of data
     1>c:\users\леха\documents\visual studio 2013\projects\mazegensfml\mazegen\mazegensfml\bot.cpp(161): warning C4244: '=' : conversion from 'float' to 'int', possible loss of data
     1>c:\users\леха\documents\visual studio 2013\projects\mazegensfml\mazegen\mazegensfml\bot.cpp(336): warning C4244: 'initializing' : conversion from 'float' to 'int', possible loss of data
     1>c:\users\леха\documents\visual studio 2013\projects\mazegensfml\mazegen\mazegensfml\bot.cpp(338): warning C4244: 'initializing' : conversion from 'float' to 'int', possible loss of data
     1>c:\users\леха\documents\visual studio 2013\projects\mazegensfml\mazegen\mazegensfml\bot.cpp(344): warning C4244: '=' : conversion from 'int' to 'float', possible loss of data
     1>c:\users\леха\documents\visual studio 2013\projects\mazegensfml\mazegen\mazegensfml\bot.cpp(346): warning C4244: '=' : conversion from 'int' to 'float', possible loss of data
     1>c:\users\леха\documents\visual studio 2013\projects\mazegensfml\mazegen\mazegensfml\bot.cpp(348): warning C4244: '=' : conversion from 'int' to 'float', possible loss of data
     1>c:\users\леха\documents\visual studio 2013\projects\mazegensfml\mazegen\mazegensfml\bot.cpp(350): warning C4244: '=' : conversion from 'int' to 'float', possible loss of data
       Link:
         C:\Program Files (x86)\Microsoft Visual Studio 12.0\VC\bin\link.exe /ERRORREPORT:PROMPT /OUT:"C:\Users\Леха\Documents\Visual Studio 2013\Projects\mazeGenSFML\MazeGen\Debug\mazeGenSFML.exe" /INCREMENTAL /NOLOGO /LIBPATH:"C:\Users\Леха\Documents\Программирование\TGUI-0.7.6-vc12-32bit-for-SFML-2.4.2\TGUI-0.7\lib" /LIBPATH:"C:\Users\Леха\Documents\Программирование\SFML-2.4.2-windows-vc12-32-bit\SFML-2.4.2\lib" "sfml-graphics-d.lib" "sfml-window-d.lib" "sfml-system-d.lib" "sfml-audio-d.lib" "tgui-d.lib" kernel32.lib user32.lib gdi32.lib winspool.lib comdlg32.lib advapi32.lib shell32.lib ole32.lib oleaut32.lib uuid.lib odbc32.lib odbccp32.lib kernel32.lib user32.lib gdi32.lib winspool.lib comdlg32.lib advapi32.lib shell32.lib ole32.lib oleaut32.lib uuid.lib odbc32.lib odbccp32.lib /MANIFEST /MANIFESTUAC:"level='asInvoker' uiAccess='false'" /manifest:embed /DEBUG /PDB:"C:\Users\Леха\Documents\Visual Studio 2013\Projects\mazeGenSFML\MazeGen\Debug\mazeGenSFML.pdb" /SUBSYSTEM:CONSOLE /TLBID:1 /DYNAMICBASE /NXCOMPAT /IMPLIB:"C:\Users\Леха\Documents\Visual Studio 2013\Projects\mazeGenSFML\MazeGen\Debug\mazeGenSFML.lib" /MACHINE:X86 Debug\Bot.obj
         Debug\MazeGen.obj
         Debug\mazeGenSFML.obj
         Debug\stdafx.obj
         mazeGenSFML.vcxproj -> C:\Users\Леха\Documents\Visual Studio 2013\Projects\mazeGenSFML\MazeGen\Debug\mazeGenSFML.exe
     1>Done Building Project "C:\Users\Леха\Documents\Visual Studio 2013\Projects\mazeGenSFML\MazeGen\mazeGenSFML\mazeGenSFML.vcxproj" (Build target(s)).

Build succeeded.

Time Elapsed 00:00:00.88
